#! /c/Source/iverilog-install/bin/vvp
:ivl_version "12.0 (devel)" "(s20150603-1539-g2693dd32b)";
:ivl_delay_selection "TYPICAL";
:vpi_time_precision - 10;
:vpi_module "C:\iverilog\lib\ivl\system.vpi";
:vpi_module "C:\iverilog\lib\ivl\vhdl_sys.vpi";
:vpi_module "C:\iverilog\lib\ivl\vhdl_textio.vpi";
:vpi_module "C:\iverilog\lib\ivl\v2005_math.vpi";
:vpi_module "C:\iverilog\lib\ivl\va_math.vpi";
S_0000027a479a4df0 .scope module, "tb_" "tb_" 2 114;
 .timescale -9 -10;
P_0000027a4799fb20 .param/l "CLK_PERIOD" 1 2 149, +C4<00000000000000000000000000010100>;
v0000027a47a1b800_0 .var "clk", 0 0;
v0000027a47a1bee0_0 .var/s "inputimag", 7 0;
v0000027a47a1bf80_0 .var/s "inputreal", 7 0;
v0000027a47a1c0c0_0 .var "rst", 0 0;
v0000027a47a1c160_0 .var "validinput", 0 0;
v0000027a47a1bc60_0 .net "validout", 0 0, v0000027a47a1b350_0;  1 drivers
v0000027a47a1c2a0_0 .net/s "yimag0", 15 0, v0000027a47a1bd00_0;  1 drivers
v0000027a47a1b760_0 .net/s "yimag1", 15 0, v0000027a47a1c020_0;  1 drivers
v0000027a47a1b940_0 .net/s "yimag2", 15 0, v0000027a47a1ba80_0;  1 drivers
v0000027a47a1b9e0_0 .net/s "yimag3", 15 0, v0000027a47a1be40_0;  1 drivers
v0000027a47a1bbc0_0 .net/s "yreal0", 15 0, v0000027a47a1b580_0;  1 drivers
v0000027a47a1c200_0 .net/s "yreal1", 15 0, v0000027a47a1b6c0_0;  1 drivers
v0000027a47a1c340_0 .net/s "yreal2", 15 0, v0000027a47a1bb20_0;  1 drivers
v0000027a47a1c3e0_0 .net/s "yreal3", 15 0, v0000027a47a1b8a0_0;  1 drivers
S_0000027a479b7500 .scope module, "uut" "fft4_streaming" 2 128, 2 1 0, S_0000027a479a4df0;
 .timescale 0 0;
    .port_info 0 /INPUT 1 "clk";
    .port_info 1 /INPUT 1 "rst";
    .port_info 2 /INPUT 1 "valid_in";
    .port_info 3 /INPUT 8 "xr";
    .port_info 4 /INPUT 8 "xi";
    .port_info 5 /OUTPUT 1 "valid_out";
    .port_info 6 /OUTPUT 16 "yr0";
    .port_info 7 /OUTPUT 16 "yr1";
    .port_info 8 /OUTPUT 16 "yr2";
    .port_info 9 /OUTPUT 16 "yr3";
    .port_info 10 /OUTPUT 16 "yi0";
    .port_info 11 /OUTPUT 16 "yi1";
    .port_info 12 /OUTPUT 16 "yi2";
    .port_info 13 /OUTPUT 16 "yi3";
v0000027a479730e0_0 .net "clk", 0 0, v0000027a47a1b800_0;  1 drivers
v0000027a479a4f80_0 .var "input_ready", 0 0;
v0000027a479180c0_0 .net "rst", 0 0, v0000027a47a1c0c0_0;  1 drivers
v0000027a479b7820_0 .var "sample_cnt", 1 0;
v0000027a479b78c0 .array/s "stage1_i", 3 0, 15 0;
v0000027a47a1b030 .array/s "stage1_r", 3 0, 15 0;
v0000027a47a1b0d0 .array/s "stage2_i", 3 0, 15 0;
v0000027a47a1b170_0 .var "stage2_init", 0 0;
v0000027a47a1b210 .array/s "stage2_r", 3 0, 15 0;
v0000027a47a1b2b0_0 .net "valid_in", 0 0, v0000027a47a1c160_0;  1 drivers
v0000027a47a1b350_0 .var "valid_out", 0 0;
v0000027a47a1b3f0_0 .net/s "xi", 7 0, v0000027a47a1bee0_0;  1 drivers
v0000027a47a1b490 .array/s "xi_buf", 3 0, 7 0;
v0000027a47a1bda0_0 .net/s "xr", 7 0, v0000027a47a1bf80_0;  1 drivers
v0000027a47a1c480 .array/s "xr_buf", 3 0, 7 0;
v0000027a47a1bd00_0 .var/s "yi0", 15 0;
v0000027a47a1c020_0 .var/s "yi1", 15 0;
v0000027a47a1ba80_0 .var/s "yi2", 15 0;
v0000027a47a1be40_0 .var/s "yi3", 15 0;
v0000027a47a1b580_0 .var/s "yr0", 15 0;
v0000027a47a1b6c0_0 .var/s "yr1", 15 0;
v0000027a47a1bb20_0 .var/s "yr2", 15 0;
v0000027a47a1b8a0_0 .var/s "yr3", 15 0;
E_0000027a4791c410 .event posedge, v0000027a479730e0_0;
E_0000027a4791c490 .event posedge, v0000027a479180c0_0, v0000027a479730e0_0;
S_0000027a479b7690 .scope begin, "$ivl_for_loop0" "$ivl_for_loop0" 2 42, 2 42 0, S_0000027a479b7500;
 .timescale 0 0;
v0000027a47973340_0 .var/i "i", 31 0;
    .scope S_0000027a479b7500;
T_0 ;
    %pushi/vec4 0, 0, 2;
    %store/vec4 v0000027a479b7820_0, 0, 2;
    %pushi/vec4 0, 0, 1;
    %store/vec4 v0000027a47a1b170_0, 0, 1;
    %pushi/vec4 0, 0, 16;
    %store/vec4 v0000027a47a1b580_0, 0, 16;
    %pushi/vec4 0, 0, 16;
    %store/vec4 v0000027a47a1b6c0_0, 0, 16;
    %pushi/vec4 0, 0, 16;
    %store/vec4 v0000027a47a1bb20_0, 0, 16;
    %pushi/vec4 0, 0, 16;
    %store/vec4 v0000027a47a1b8a0_0, 0, 16;
    %pushi/vec4 0, 0, 1;
    %store/vec4 v0000027a479a4f80_0, 0, 1;
    %pushi/vec4 0, 0, 16;
    %store/vec4 v0000027a47a1bd00_0, 0, 16;
    %pushi/vec4 0, 0, 16;
    %store/vec4 v0000027a47a1c020_0, 0, 16;
    %pushi/vec4 0, 0, 16;
    %store/vec4 v0000027a47a1ba80_0, 0, 16;
    %pushi/vec4 0, 0, 16;
    %store/vec4 v0000027a47a1be40_0, 0, 16;
    %fork t_1, S_0000027a479b7690;
    %jmp t_0;
    .scope S_0000027a479b7690;
t_1 ;
    %pushi/vec4 0, 0, 32;
    %store/vec4 v0000027a47973340_0, 0, 32;
T_0.0 ;
    %load/vec4 v0000027a47973340_0;
    %cmpi/s 4, 0, 32;
    %jmp/0xz T_0.1, 5;
    %pushi/vec4 0, 0, 16;
    %ix/getv/s 4, v0000027a47973340_0;
    %store/vec4a v0000027a47a1b030, 4, 0;
    %pushi/vec4 0, 0, 16;
    %ix/getv/s 4, v0000027a47973340_0;
    %store/vec4a v0000027a479b78c0, 4, 0;
    %pushi/vec4 0, 0, 16;
    %ix/getv/s 4, v0000027a47973340_0;
    %store/vec4a v0000027a47a1b210, 4, 0;
    %pushi/vec4 0, 0, 16;
    %ix/getv/s 4, v0000027a47973340_0;
    %store/vec4a v0000027a47a1b0d0, 4, 0;
    %pushi/vec4 0, 0, 8;
    %ix/getv/s 4, v0000027a47973340_0;
    %store/vec4a v0000027a47a1c480, 4, 0;
    %pushi/vec4 0, 0, 8;
    %ix/getv/s 4, v0000027a47973340_0;
    %store/vec4a v0000027a47a1b490, 4, 0;
    ; show_stmt_assign_vector: Get l-value for compressed += operand
    %load/vec4 v0000027a47973340_0;
    %pushi/vec4 1, 0, 32;
    %add;
    %store/vec4 v0000027a47973340_0, 0, 32;
    %jmp T_0.0;
T_0.1 ;
    %end;
    .scope S_0000027a479b7500;
t_0 %join;
    %end;
    .thread T_0;
    .scope S_0000027a479b7500;
T_1 ;
    %wait E_0000027a4791c490;
    %load/vec4 v0000027a479180c0_0;
    %flag_set/vec4 8;
    %jmp/0xz  T_1.0, 8;
    %pushi/vec4 0, 0, 2;
    %assign/vec4 v0000027a479b7820_0, 0;
    %pushi/vec4 0, 0, 1;
    %assign/vec4 v0000027a479a4f80_0, 0;
    %jmp T_1.1;
T_1.0 ;
    %load/vec4 v0000027a47a1b2b0_0;
    %flag_set/vec4 8;
    %jmp/0xz  T_1.2, 8;
    %load/vec4 v0000027a47a1bda0_0;
    %load/vec4 v0000027a479b7820_0;
    %pad/u 4;
    %ix/vec4 3;
    %ix/load 4, 0, 0; Constant delay
    %assign/vec4/a/d v0000027a47a1c480, 0, 4;
    %load/vec4 v0000027a47a1b3f0_0;
    %load/vec4 v0000027a479b7820_0;
    %pad/u 4;
    %ix/vec4 3;
    %ix/load 4, 0, 0; Constant delay
    %assign/vec4/a/d v0000027a47a1b490, 0, 4;
    %load/vec4 v0000027a479b7820_0;
    %addi 1, 0, 2;
    %assign/vec4 v0000027a479b7820_0, 0;
    %load/vec4 v0000027a479b7820_0;
    %cmpi/e 3, 0, 2;
    %jmp/0xz  T_1.4, 4;
    %pushi/vec4 1, 0, 1;
    %assign/vec4 v0000027a479a4f80_0, 0;
T_1.4 ;
T_1.2 ;
T_1.1 ;
    %jmp T_1;
    .thread T_1;
    .scope S_0000027a479b7500;
T_2 ;
    %wait E_0000027a4791c410;
    %load/vec4 v0000027a479a4f80_0;
    %flag_set/vec4 8;
    %jmp/0xz  T_2.0, 8;
    %ix/load 4, 0, 0;
    %flag_set/imm 4, 0;
    %load/vec4a v0000027a47a1c480, 4;
    %pad/s 16;
    %ix/load 4, 2, 0;
    %flag_set/imm 4, 0;
    %load/vec4a v0000027a47a1c480, 4;
    %pad/s 16;
    %add;
    %ix/load 3, 0, 0;
    %flag_set/imm 4, 0;
    %ix/load 4, 0, 0; Constant delay
    %assign/vec4/a/d v0000027a47a1b030, 0, 4;
    %ix/load 4, 0, 0;
    %flag_set/imm 4, 0;
    %load/vec4a v0000027a47a1b490, 4;
    %pad/s 16;
    %ix/load 4, 2, 0;
    %flag_set/imm 4, 0;
    %load/vec4a v0000027a47a1b490, 4;
    %pad/s 16;
    %add;
    %ix/load 3, 0, 0;
    %flag_set/imm 4, 0;
    %ix/load 4, 0, 0; Constant delay
    %assign/vec4/a/d v0000027a479b78c0, 0, 4;
    %ix/load 4, 1, 0;
    %flag_set/imm 4, 0;
    %load/vec4a v0000027a47a1c480, 4;
    %pad/s 16;
    %ix/load 4, 3, 0;
    %flag_set/imm 4, 0;
    %load/vec4a v0000027a47a1c480, 4;
    %pad/s 16;
    %add;
    %ix/load 3, 1, 0;
    %flag_set/imm 4, 0;
    %ix/load 4, 0, 0; Constant delay
    %assign/vec4/a/d v0000027a47a1b030, 0, 4;
    %ix/load 4, 1, 0;
    %flag_set/imm 4, 0;
    %load/vec4a v0000027a47a1b490, 4;
    %pad/s 16;
    %ix/load 4, 3, 0;
    %flag_set/imm 4, 0;
    %load/vec4a v0000027a47a1b490, 4;
    %pad/s 16;
    %add;
    %ix/load 3, 1, 0;
    %flag_set/imm 4, 0;
    %ix/load 4, 0, 0; Constant delay
    %assign/vec4/a/d v0000027a479b78c0, 0, 4;
    %ix/load 4, 0, 0;
    %flag_set/imm 4, 0;
    %load/vec4a v0000027a47a1c480, 4;
    %pad/s 16;
    %ix/load 4, 2, 0;
    %flag_set/imm 4, 0;
    %load/vec4a v0000027a47a1c480, 4;
    %pad/s 16;
    %sub;
    %ix/load 3, 2, 0;
    %flag_set/imm 4, 0;
    %ix/load 4, 0, 0; Constant delay
    %assign/vec4/a/d v0000027a47a1b030, 0, 4;
    %ix/load 4, 0, 0;
    %flag_set/imm 4, 0;
    %load/vec4a v0000027a47a1b490, 4;
    %pad/s 16;
    %ix/load 4, 2, 0;
    %flag_set/imm 4, 0;
    %load/vec4a v0000027a47a1b490, 4;
    %pad/s 16;
    %sub;
    %ix/load 3, 2, 0;
    %flag_set/imm 4, 0;
    %ix/load 4, 0, 0; Constant delay
    %assign/vec4/a/d v0000027a479b78c0, 0, 4;
    %ix/load 4, 1, 0;
    %flag_set/imm 4, 0;
    %load/vec4a v0000027a47a1c480, 4;
    %pad/s 16;
    %ix/load 4, 3, 0;
    %flag_set/imm 4, 0;
    %load/vec4a v0000027a47a1c480, 4;
    %pad/s 16;
    %sub;
    %ix/load 3, 3, 0;
    %flag_set/imm 4, 0;
    %ix/load 4, 0, 0; Constant delay
    %assign/vec4/a/d v0000027a47a1b030, 0, 4;
    %ix/load 4, 1, 0;
    %flag_set/imm 4, 0;
    %load/vec4a v0000027a47a1b490, 4;
    %pad/s 16;
    %ix/load 4, 3, 0;
    %flag_set/imm 4, 0;
    %load/vec4a v0000027a47a1b490, 4;
    %pad/s 16;
    %sub;
    %ix/load 3, 3, 0;
    %flag_set/imm 4, 0;
    %ix/load 4, 0, 0; Constant delay
    %assign/vec4/a/d v0000027a479b78c0, 0, 4;
    %ix/load 4, 0, 0;
    %flag_set/imm 4, 0;
    %load/vec4a v0000027a47a1b030, 4;
    %ix/load 4, 1, 0;
    %flag_set/imm 4, 0;
    %load/vec4a v0000027a47a1b030, 4;
    %add;
    %ix/load 4, 0, 0;
    %flag_set/imm 4, 0;
    %store/vec4a v0000027a47a1b210, 4, 0;
    %ix/load 4, 0, 0;
    %flag_set/imm 4, 0;
    %load/vec4a v0000027a479b78c0, 4;
    %ix/load 4, 1, 0;
    %flag_set/imm 4, 0;
    %load/vec4a v0000027a479b78c0, 4;
    %add;
    %ix/load 4, 0, 0;
    %flag_set/imm 4, 0;
    %store/vec4a v0000027a47a1b0d0, 4, 0;
    %ix/load 4, 0, 0;
    %flag_set/imm 4, 0;
    %load/vec4a v0000027a47a1b030, 4;
    %ix/load 4, 1, 0;
    %flag_set/imm 4, 0;
    %load/vec4a v0000027a47a1b030, 4;
    %sub;
    %ix/load 4, 2, 0;
    %flag_set/imm 4, 0;
    %store/vec4a v0000027a47a1b210, 4, 0;
    %ix/load 4, 0, 0;
    %flag_set/imm 4, 0;
    %load/vec4a v0000027a479b78c0, 4;
    %ix/load 4, 1, 0;
    %flag_set/imm 4, 0;
    %load/vec4a v0000027a479b78c0, 4;
    %sub;
    %ix/load 4, 2, 0;
    %flag_set/imm 4, 0;
    %store/vec4a v0000027a47a1b0d0, 4, 0;
    %ix/load 4, 3, 0;
    %flag_set/imm 4, 0;
    %load/vec4a v0000027a479b78c0, 4;
    %ix/load 4, 2, 0;
    %flag_set/imm 4, 0;
    %load/vec4a v0000027a47a1b030, 4;
    %add;
    %ix/load 4, 1, 0;
    %flag_set/imm 4, 0;
    %store/vec4a v0000027a47a1b210, 4, 0;
    %ix/load 4, 2, 0;
    %flag_set/imm 4, 0;
    %load/vec4a v0000027a479b78c0, 4;
    %ix/load 4, 3, 0;
    %flag_set/imm 4, 0;
    %load/vec4a v0000027a47a1b030, 4;
    %sub;
    %ix/load 4, 1, 0;
    %flag_set/imm 4, 0;
    %store/vec4a v0000027a47a1b0d0, 4, 0;
    %ix/load 4, 3, 0;
    %flag_set/imm 4, 0;
    %load/vec4a v0000027a479b78c0, 4;
    %inv;
    %pushi/vec4 1, 0, 16;
    %add;
    %ix/load 4, 2, 0;
    %flag_set/imm 4, 0;
    %load/vec4a v0000027a47a1b030, 4;
    %add;
    %ix/load 4, 3, 0;
    %flag_set/imm 4, 0;
    %store/vec4a v0000027a47a1b210, 4, 0;
    %ix/load 4, 2, 0;
    %flag_set/imm 4, 0;
    %load/vec4a v0000027a479b78c0, 4;
    %ix/load 4, 3, 0;
    %flag_set/imm 4, 0;
    %load/vec4a v0000027a47a1b030, 4;
    %add;
    %ix/load 4, 3, 0;
    %flag_set/imm 4, 0;
    %store/vec4a v0000027a47a1b0d0, 4, 0;
    %ix/load 4, 0, 0;
    %flag_set/imm 4, 0;
    %load/vec4a v0000027a47a1b210, 4;
    %store/vec4 v0000027a47a1b580_0, 0, 16;
    %ix/load 4, 0, 0;
    %flag_set/imm 4, 0;
    %load/vec4a v0000027a47a1b0d0, 4;
    %store/vec4 v0000027a47a1bd00_0, 0, 16;
    %ix/load 4, 1, 0;
    %flag_set/imm 4, 0;
    %load/vec4a v0000027a47a1b210, 4;
    %store/vec4 v0000027a47a1b6c0_0, 0, 16;
    %ix/load 4, 1, 0;
    %flag_set/imm 4, 0;
    %load/vec4a v0000027a47a1b0d0, 4;
    %store/vec4 v0000027a47a1c020_0, 0, 16;
    %ix/load 4, 2, 0;
    %flag_set/imm 4, 0;
    %load/vec4a v0000027a47a1b210, 4;
    %store/vec4 v0000027a47a1bb20_0, 0, 16;
    %ix/load 4, 2, 0;
    %flag_set/imm 4, 0;
    %load/vec4a v0000027a47a1b0d0, 4;
    %store/vec4 v0000027a47a1ba80_0, 0, 16;
    %ix/load 4, 3, 0;
    %flag_set/imm 4, 0;
    %load/vec4a v0000027a47a1b210, 4;
    %store/vec4 v0000027a47a1b8a0_0, 0, 16;
    %ix/load 4, 3, 0;
    %flag_set/imm 4, 0;
    %load/vec4a v0000027a47a1b0d0, 4;
    %store/vec4 v0000027a47a1be40_0, 0, 16;
T_2.0 ;
    %jmp T_2;
    .thread T_2;
    .scope S_0000027a479a4df0;
T_3 ;
    %delay 100, 0;
    %load/vec4 v0000027a47a1b800_0;
    %inv;
    %store/vec4 v0000027a47a1b800_0, 0, 1;
    %jmp T_3;
    .thread T_3;
    .scope S_0000027a479a4df0;
T_4 ;
    %vpi_call 2 153 "$dumpfile", "outputwf.vcd" {0 0 0};
    %vpi_call 2 154 "$dumpvars", 32'sb00000000000000000000000000000000, S_0000027a479a4df0 {0 0 0};
    %vpi_call 2 155 "$dumpvars", 32'sb00000000000000000000000000000000, &A<v0000027a47a1b030, 0> {0 0 0};
    %vpi_call 2 156 "$dumpvars", 32'sb00000000000000000000000000000000, &A<v0000027a47a1b030, 1> {0 0 0};
    %vpi_call 2 157 "$dumpvars", 32'sb00000000000000000000000000000000, &A<v0000027a47a1b030, 2> {0 0 0};
    %vpi_call 2 158 "$dumpvars", 32'sb00000000000000000000000000000000, &A<v0000027a47a1b030, 3> {0 0 0};
    %vpi_call 2 159 "$dumpvars", 32'sb00000000000000000000000000000000, &A<v0000027a47a1b210, 0> {0 0 0};
    %vpi_call 2 160 "$dumpvars", 32'sb00000000000000000000000000000000, &A<v0000027a47a1b210, 1> {0 0 0};
    %vpi_call 2 161 "$dumpvars", 32'sb00000000000000000000000000000000, &A<v0000027a47a1b210, 2> {0 0 0};
    %vpi_call 2 162 "$dumpvars", 32'sb00000000000000000000000000000000, &A<v0000027a47a1b210, 3> {0 0 0};
    %vpi_call 2 163 "$dumpvars", 32'sb00000000000000000000000000000000, &A<v0000027a47a1b490, 0> {0 0 0};
    %vpi_call 2 164 "$dumpvars", 32'sb00000000000000000000000000000000, &A<v0000027a47a1b490, 1> {0 0 0};
    %vpi_call 2 165 "$dumpvars", 32'sb00000000000000000000000000000000, &A<v0000027a47a1b490, 2> {0 0 0};
    %vpi_call 2 166 "$dumpvars", 32'sb00000000000000000000000000000000, &A<v0000027a47a1b490, 3> {0 0 0};
    %vpi_call 2 167 "$dumpvars", 32'sb00000000000000000000000000000000, &A<v0000027a47a1c480, 0> {0 0 0};
    %vpi_call 2 168 "$dumpvars", 32'sb00000000000000000000000000000000, &A<v0000027a47a1c480, 1> {0 0 0};
    %vpi_call 2 169 "$dumpvars", 32'sb00000000000000000000000000000000, &A<v0000027a47a1c480, 2> {0 0 0};
    %vpi_call 2 170 "$dumpvars", 32'sb00000000000000000000000000000000, &A<v0000027a47a1c480, 3> {0 0 0};
    %vpi_call 2 171 "$dumpvars", 32'sb00000000000000000000000000000000, v0000027a479a4f80_0 {0 0 0};
    %vpi_call 2 172 "$dumpvars", 32'sb00000000000000000000000000000000, v0000027a479b7820_0 {0 0 0};
    %end;
    .thread T_4;
    .scope S_0000027a479a4df0;
T_5 ;
    %pushi/vec4 1, 0, 1;
    %store/vec4 v0000027a47a1c160_0, 0, 1;
    %pushi/vec4 0, 0, 1;
    %store/vec4 v0000027a47a1b800_0, 0, 1;
    %delay 50, 0;
    %pushi/vec4 1, 0, 1;
    %store/vec4 v0000027a47a1c0c0_0, 0, 1;
    %delay 100, 0;
    %pushi/vec4 0, 0, 1;
    %store/vec4 v0000027a47a1c0c0_0, 0, 1;
    %delay 100, 0;
    %pushi/vec4 100, 0, 8;
    %store/vec4 v0000027a47a1bf80_0, 0, 8;
    %pushi/vec4 0, 0, 8;
    %store/vec4 v0000027a47a1bee0_0, 0, 8;
    %delay 200, 0;
    %pushi/vec4 71, 0, 8;
    %store/vec4 v0000027a47a1bf80_0, 0, 8;
    %pushi/vec4 71, 0, 8;
    %store/vec4 v0000027a47a1bee0_0, 0, 8;
    %delay 200, 0;
    %pushi/vec4 0, 0, 8;
    %store/vec4 v0000027a47a1bf80_0, 0, 8;
    %pushi/vec4 100, 0, 8;
    %store/vec4 v0000027a47a1bee0_0, 0, 8;
    %delay 200, 0;
    %pushi/vec4 185, 0, 8;
    %store/vec4 v0000027a47a1bf80_0, 0, 8;
    %pushi/vec4 71, 0, 8;
    %store/vec4 v0000027a47a1bee0_0, 0, 8;
    %delay 100, 0;
    %pushi/vec4 0, 0, 1;
    %store/vec4 v0000027a47a1c160_0, 0, 1;
    %delay 2000, 0;
    %vpi_call 2 198 "$finish" {0 0 0};
    %end;
    .thread T_5;
# The file index is used to find the file name in the following table.
:file_names 3;
    "N/A";
    "<interactive>";
    "fft.v";
